<?xml version="1.0" encoding="UTF-8" ?>
<testsuite tests="0" failures="0" name="test.Test2Servlet" time="0" errors="0" skipped="0">
  <properties>
    <property name="java.runtime.name" value="Java(TM) SE Runtime Environment"/>
    <property name="sun.boot.library.path" value="D:\jdk\jre\bin"/>
    <property name="java.vm.version" value="25.202-b08"/>
    <property name="java.vm.vendor" value="Oracle Corporation"/>
    <property name="maven.multiModuleProjectDirectory" value="D:\exceise\JeanTomcatMaven"/>
    <property name="java.vendor.url" value="http://java.oracle.com/"/>
    <property name="path.separator" value=";"/>
    <property name="guice.disable.misplaced.annotation.check" value="true"/>
    <property name="java.vm.name" value="Java HotSpot(TM) 64-Bit Server VM"/>
    <property name="file.encoding.pkg" value="sun.io"/>
    <property name="user.script" value=""/>
    <property name="user.country" value="CN"/>
    <property name="sun.java.launcher" value="SUN_STANDARD"/>
    <property name="sun.os.patch.level" value=""/>
    <property name="java.vm.specification.name" value="Java Virtual Machine Specification"/>
    <property name="user.dir" value="D:\exceise\JeanTomcatMaven"/>
    <property name="java.runtime.version" value="1.8.0_202-b08"/>
    <property name="java.awt.graphicsenv" value="sun.awt.Win32GraphicsEnvironment"/>
    <property name="java.endorsed.dirs" value="D:\jdk\jre\lib\endorsed"/>
    <property name="os.arch" value="amd64"/>
    <property name="java.io.tmpdir" value="C:\Users\qianz\AppData\Local\Temp\"/>
    <property name="line.separator" value="
"/>
    <property name="java.vm.specification.vendor" value="Oracle Corporation"/>
    <property name="user.variant" value=""/>
    <property name="os.name" value="Windows 10"/>
    <property name="maven.ext.class.path" value="D:\tools\IntelliJ IDEA 2019.3.5\plugins\maven\lib\maven-event-listener.jar"/>
    <property name="classworlds.conf" value="D:\tools\IntelliJ IDEA 2019.3.5\plugins\maven\lib\maven3\bin\m2.conf"/>
    <property name="sun.jnu.encoding" value="GBK"/>
    <property name="java.library.path" value="D:\jdk\bin;C:\WINDOWS\Sun\Java\bin;C:\WINDOWS\system32;C:\WINDOWS;D:\soft\Anacanda3201903;D:\soft\Anacanda3201903\Library\mingw-w64\bin;D:\soft\Anacanda3201903\Library\usr\bin;D:\soft\Anacanda3201903\Library\bin;D:\soft\Anacanda3201903\Scripts;D:\apps\oracle-client\product\11.2.0\client_1;D:\apps\oracle-client\product\11.2.0\client_1\bin;C:\windows\system32;C:\WINDOWS\system32;C:\Program Files\nodejs\;C:\nodejs\node-v14.18.0-win-x64;C:\nodejs\node-v14.18.0-win-x64nodejs\node_global;D:\soft\WinSCP\;D:\soft\Bandizip\;D:\soft\bin;C:\Program Files\Git\cmd;D:\install\svn\bin;D:\jdk\jre\bin;D:\apps\jdk-17.0.9\bin;D:\install\postgresSQL12.12\bin;D:\apps\mysql-5.7.39-winx64\bin;D:\apps\oracle-client\product\11.2.0\client_1;D:\apps\;C:\Program Files\dotnet\;C:\Program Files\Calibre2\;D:\soft\mongosh-1.10.0-win32-x64\bin;D:\soft\sonar-scanner-5.0.1.3006-windows\bin;D:\apps\apache-maven-3.8.6\bin;C:\Users\qianz\AppData\Local\Microsoft\WindowsApps;D:\tools\IntelliJ IDEA 2019.3.5\bin;;D:\install\nodejs14\node_global;D:\install\Microsoft VS Code\bin;C:\nodejs\node-v14.18.0-win-x64\node_global;C:\nodejs\node_global;C:\Program Files\nodejs\node_global;C:\nodejs\node-v14.18.0-win-x64\node_global;D:\apps\jdk-17.0.9\bin;D:\jdk\jre\bin;D:\install\postgresSQL12.12\bin;D:\apps\mysql-5.7.39-winx64\bin;D:\apps\oracle-client\product\11.2.0\client_1;C:\Users\qianz\AppData\Roaming\npm;C:\Users\qianz\.dotnet\tools;D:\soft\mongosh-1.10.0-win32-x64\bin;D:\soft\sonar-scanner-5.0.1.3006-windows\bin;D:\apps\apache-maven-3.8.6\bin;;."/>
    <property name="maven.conf" value="D:\tools\IntelliJ IDEA 2019.3.5\plugins\maven\lib\maven3/conf"/>
    <property name="java.specification.name" value="Java Platform API Specification"/>
    <property name="java.class.version" value="52.0"/>
    <property name="sun.management.compiler" value="HotSpot 64-Bit Tiered Compilers"/>
    <property name="idea.version2019.3.5" value="true"/>
    <property name="os.version" value="10.0"/>
    <property name="user.home" value="C:\Users\qianz"/>
    <property name="user.timezone" value="Asia/Shanghai"/>
    <property name="java.awt.printerjob" value="sun.awt.windows.WPrinterJob"/>
    <property name="java.specification.version" value="1.8"/>
    <property name="file.encoding" value="UTF-8"/>
    <property name="user.name" value="zlj"/>
    <property name="java.class.path" value="D:\tools\IntelliJ IDEA 2019.3.5\plugins\maven\lib\maven3\boot\plexus-classworlds-2.6.0.jar;D:\tools\IntelliJ IDEA 2019.3.5\lib\idea_rt.jar"/>
    <property name="java.vm.specification.version" value="1.8"/>
    <property name="sun.arch.data.model" value="64"/>
    <property name="java.home" value="D:\jdk\jre"/>
    <property name="sun.java.command" value="org.codehaus.classworlds.Launcher -Didea.version2019.3.5 package"/>
    <property name="java.specification.vendor" value="Oracle Corporation"/>
    <property name="user.language" value="zh"/>
    <property name="awt.toolkit" value="sun.awt.windows.WToolkit"/>
    <property name="java.vm.info" value="mixed mode"/>
    <property name="java.version" value="1.8.0_202"/>
    <property name="java.ext.dirs" value="D:\jdk\jre\lib\ext;C:\WINDOWS\Sun\Java\lib\ext"/>
    <property name="sun.boot.class.path" value="D:\jdk\jre\lib\resources.jar;D:\jdk\jre\lib\rt.jar;D:\jdk\jre\lib\sunrsasign.jar;D:\jdk\jre\lib\jsse.jar;D:\jdk\jre\lib\jce.jar;D:\jdk\jre\lib\charsets.jar;D:\jdk\jre\lib\jfr.jar;D:\jdk\jre\classes"/>
    <property name="java.vendor" value="Oracle Corporation"/>
    <property name="maven.home" value="D:\tools\IntelliJ IDEA 2019.3.5\plugins\maven\lib\maven3"/>
    <property name="file.separator" value="\"/>
    <property name="java.vendor.url.bug" value="http://bugreport.sun.com/bugreport/"/>
    <property name="sun.cpu.endian" value="little"/>
    <property name="sun.io.unicode.encoding" value="UnicodeLittle"/>
    <property name="sun.desktop" value="windows"/>
    <property name="sun.cpu.isalist" value="amd64"/>
  </properties>
</testsuite>